[  2764.223] 
X.Org X Server 1.20.4
X Protocol Version 11, Revision 0
[  2764.223] Build Operating System: Linux 5.10.0-10-amd64 x86_64 Debian
[  2764.223] Current Operating System: Linux debian 4.19.0-21-amd64 #1 SMP Debian 4.19.249-2 (2022-06-30) x86_64
[  2764.223] Kernel command line: BOOT_IMAGE=/boot/vmlinuz-4.19.0-21-amd64 root=UUID=881c2556-ccc4-4a89-81aa-410579e122bb ro quiet
[  2764.224] Build Date: 18 December 2021  09:05:36AM
[  2764.224] xorg-server 2:1.20.4-1+deb10u4 (https://www.debian.org/support) 
[  2764.224] Current version of pixman: 0.36.0
[  2764.224] 	Before reporting problems, check http://wiki.x.org
	to make sure that you have the latest version.
[  2764.224] Markers: (--) probed, (**) from config file, (==) default setting,
	(++) from command line, (!!) notice, (II) informational,
	(WW) warning, (EE) error, (NI) not implemented, (??) unknown.
[  2764.225] (==) Log file: "/home/dexter/.local/share/xorg/Xorg.1.log", Time: Sat Jul 23 19:18:56 2022
[  2764.225] (==) Using system config directory "/usr/share/X11/xorg.conf.d"
[  2764.225] (==) No Layout section.  Using the first Screen section.
[  2764.225] (==) No screen section available. Using defaults.
[  2764.225] (**) |-->Screen "Default Screen Section" (0)
[  2764.225] (**) |   |-->Monitor "<default monitor>"
[  2764.225] (==) No monitor specified for screen "Default Screen Section".
	Using a default monitor configuration.
[  2764.226] (==) Automatically adding devices
[  2764.226] (==) Automatically enabling devices
[  2764.226] (==) Automatically adding GPU devices
[  2764.226] (==) Max clients allowed: 256, resource mask: 0x1fffff
[  2764.226] (WW) The directory "/usr/share/fonts/X11/cyrillic" does not exist.
[  2764.226] 	Entry deleted from font path.
[  2764.226] (WW) The directory "/usr/share/fonts/X11/100dpi/" does not exist.
[  2764.226] 	Entry deleted from font path.
[  2764.226] (WW) The directory "/usr/share/fonts/X11/75dpi/" does not exist.
[  2764.226] 	Entry deleted from font path.
[  2764.226] (WW) The directory "/usr/share/fonts/X11/Type1" does not exist.
[  2764.226] 	Entry deleted from font path.
[  2764.226] (WW) The directory "/usr/share/fonts/X11/100dpi" does not exist.
[  2764.226] 	Entry deleted from font path.
[  2764.226] (WW) The directory "/usr/share/fonts/X11/75dpi" does not exist.
[  2764.226] 	Entry deleted from font path.
[  2764.226] (==) FontPath set to:
	/usr/share/fonts/X11/misc,
	built-ins
[  2764.226] (==) ModulePath set to "/usr/lib/xorg/modules"
[  2764.226] (II) The server relies on udev to provide the list of input devices.
	If no devices become available, reconfigure udev or disable AutoAddDevices.
[  2764.226] (II) Loader magic: 0x55ddab648e20
[  2764.226] (II) Module ABI versions:
[  2764.226] 	X.Org ANSI C Emulation: 0.4
[  2764.226] 	X.Org Video Driver: 24.0
[  2764.226] 	X.Org XInput driver : 24.1
[  2764.226] 	X.Org Server Extension : 10.0
[  2764.227] (++) using VT number 2

[  2764.229] (II) systemd-logind: took control of session /org/freedesktop/login1/session/_34
[  2764.230] (II) xfree86: Adding drm device (/dev/dri/card0)
[  2764.231] (II) systemd-logind: got fd for /dev/dri/card0 226:0 fd 11 paused 0
[  2764.235] (--) PCI:*(0@0:2:0) 8086:29c2:8086:29c2 rev 16, Mem @ 0xfea80000/524288, 0xd0000000/268435456, 0xfe900000/1048576, I/O @ 0x0000dc00/8, BIOS @ 0x????????/131072
[  2764.235] (II) LoadModule: "glx"
[  2764.235] (II) Loading /usr/lib/xorg/modules/extensions/libglx.so
[  2764.237] (II) Module glx: vendor="X.Org Foundation"
[  2764.237] 	compiled for 1.20.4, module version = 1.0.0
[  2764.237] 	ABI class: X.Org Server Extension, version 10.0
[  2764.237] (==) Matched intel as autoconfigured driver 0
[  2764.237] (==) Matched modesetting as autoconfigured driver 1
[  2764.237] (==) Matched fbdev as autoconfigured driver 2
[  2764.237] (==) Matched vesa as autoconfigured driver 3
[  2764.237] (==) Assigned the driver to the xf86ConfigLayout
[  2764.237] (II) LoadModule: "intel"
[  2764.237] (II) Loading /usr/lib/xorg/modules/drivers/intel_drv.so
[  2764.238] (II) Module intel: vendor="X.Org Foundation"
[  2764.238] 	compiled for 1.20.1, module version = 2.99.917
[  2764.238] 	Module class: X.Org Video Driver
[  2764.238] 	ABI class: X.Org Video Driver, version 24.0
[  2764.238] (II) LoadModule: "modesetting"
[  2764.238] (II) Loading /usr/lib/xorg/modules/drivers/modesetting_drv.so
[  2764.238] (II) Module modesetting: vendor="X.Org Foundation"
[  2764.238] 	compiled for 1.20.4, module version = 1.20.4
[  2764.238] 	Module class: X.Org Video Driver
[  2764.238] 	ABI class: X.Org Video Driver, version 24.0
[  2764.238] (II) LoadModule: "fbdev"
[  2764.239] (II) Loading /usr/lib/xorg/modules/drivers/fbdev_drv.so
[  2764.239] (II) Module fbdev: vendor="X.Org Foundation"
[  2764.239] 	compiled for 1.20.0, module version = 0.5.0
[  2764.239] 	Module class: X.Org Video Driver
[  2764.239] 	ABI class: X.Org Video Driver, version 24.0
[  2764.239] (II) LoadModule: "vesa"
[  2764.239] (II) Loading /usr/lib/xorg/modules/drivers/vesa_drv.so
[  2764.239] (II) Module vesa: vendor="X.Org Foundation"
[  2764.239] 	compiled for 1.20.1, module version = 2.4.0
[  2764.239] 	Module class: X.Org Video Driver
[  2764.239] 	ABI class: X.Org Video Driver, version 24.0
[  2764.239] (II) intel: Driver for Intel(R) Integrated Graphics Chipsets:
	i810, i810-dc100, i810e, i815, i830M, 845G, 854, 852GM/855GM, 865G,
	915G, E7221 (i915), 915GM, 945G, 945GM, 945GME, Pineview GM,
	Pineview G, 965G, G35, 965Q, 946GZ, 965GM, 965GME/GLE, G33, Q35, Q33,
	GM45, 4 Series, G45/G43, Q45/Q43, G41, B43
[  2764.239] (II) intel: Driver for Intel(R) HD Graphics
[  2764.239] (II) intel: Driver for Intel(R) Iris(TM) Graphics
[  2764.239] (II) intel: Driver for Intel(R) Iris(TM) Pro Graphics
[  2764.240] (II) modesetting: Driver for Modesetting Kernel Drivers: kms
[  2764.240] (II) FBDEV: driver for framebuffer: fbdev
[  2764.240] (II) VESA: driver for VESA chipsets: vesa
[  2764.240] xf86EnableIOPorts: failed to set IOPL for I/O (Operation not permitted)
[  2764.240] (II) intel(0): Using Kernel Mode Setting driver: i915, version 1.6.0 20180719
[  2764.240] (II) intel(0): SNA compiled: xserver-xorg-video-intel 2:2.99.917+git20180925-2 (Andreas Boll <aboll@debian.org>)
[  2764.240] (II) intel(0): SNA compiled for use with valgrind
[  2764.258] (WW) Falling back to old probe method for modesetting
[  2764.258] (WW) Falling back to old probe method for fbdev
[  2764.258] (II) Loading sub module "fbdevhw"
[  2764.258] (II) LoadModule: "fbdevhw"
[  2764.258] (II) Loading /usr/lib/xorg/modules/libfbdevhw.so
[  2764.258] (II) Module fbdevhw: vendor="X.Org Foundation"
[  2764.258] 	compiled for 1.20.4, module version = 0.0.2
[  2764.258] 	ABI class: X.Org Video Driver, version 24.0
[  2764.258] (WW) VGA arbiter: cannot open kernel arbiter, no multi-card support
[  2764.259] (--) intel(0): Integrated Graphics Chipset: Intel(R) G33
[  2764.259] (--) intel(0): CPU: x86-64, sse2, sse3, ssse3; using a maximum of 2 threads
[  2764.259] (II) intel(0): Creating default Display subsection in Screen section
	"Default Screen Section" for depth/fbbpp 24/32
[  2764.259] (==) intel(0): Depth 24, (--) framebuffer bpp 32
[  2764.259] (==) intel(0): RGB weight 888
[  2764.259] (==) intel(0): Default visual is TrueColor
[  2764.260] (II) intel(0): Output VGA1 has no monitor section
[  2764.260] (II) intel(0): Enabled output VGA1
[  2764.260] (--) intel(0): Using a maximum size of 256x256 for hardware cursors
[  2764.260] (II) intel(0): Output VIRTUAL1 has no monitor section
[  2764.260] (II) intel(0): Enabled output VIRTUAL1
[  2764.260] (--) intel(0): Output VGA1 using initial mode 1280x1024 on pipe 0
[  2764.260] (==) intel(0): TearFree disabled
[  2764.260] (==) intel(0): Using gamma correction (1.0, 1.0, 1.0)
[  2764.260] (==) intel(0): DPI set to (96, 96)
[  2764.260] (II) Loading sub module "dri3"
[  2764.260] (II) LoadModule: "dri3"
[  2764.260] (II) Module "dri3" already built-in
[  2764.260] (II) Loading sub module "dri2"
[  2764.260] (II) LoadModule: "dri2"
[  2764.260] (II) Module "dri2" already built-in
[  2764.260] (II) Loading sub module "present"
[  2764.260] (II) LoadModule: "present"
[  2764.260] (II) Module "present" already built-in
[  2764.260] (II) UnloadModule: "modesetting"
[  2764.260] (II) Unloading modesetting
[  2764.260] (II) UnloadModule: "fbdev"
[  2764.261] (II) Unloading fbdev
[  2764.261] (II) UnloadSubModule: "fbdevhw"
[  2764.261] (II) Unloading fbdevhw
[  2764.261] (II) UnloadModule: "vesa"
[  2764.261] (II) Unloading vesa
[  2764.261] (II) intel(0): SNA initialized with Alviso (gen3) backend
[  2764.261] (==) intel(0): Backing store enabled
[  2764.261] (==) intel(0): Silken mouse enabled
[  2764.261] (II) intel(0): HW Cursor enabled
[  2764.261] (==) intel(0): DPMS enabled
[  2764.261] (==) intel(0): Display hotplug detection enabled
[  2764.261] (II) intel(0): [XvMC] i915_xvmc driver initialized.
[  2764.261] (II) intel(0): [DRI2] Setup complete
[  2764.261] (II) intel(0): [DRI2]   DRI driver: i915
[  2764.261] (II) intel(0): [DRI2]   VDPAU driver: va_gl
[  2764.261] (II) intel(0): direct rendering: DRI2 enabled
[  2764.261] (II) intel(0): hardware support for Present enabled
[  2764.261] (II) Initializing extension Generic Event Extension
[  2764.262] (II) Initializing extension SHAPE
[  2764.262] (II) Initializing extension MIT-SHM
[  2764.262] (II) Initializing extension XInputExtension
[  2764.263] (II) Initializing extension XTEST
[  2764.263] (II) Initializing extension BIG-REQUESTS
[  2764.263] (II) Initializing extension SYNC
[  2764.264] (II) Initializing extension XKEYBOARD
[  2764.264] (II) Initializing extension XC-MISC
[  2764.264] (II) Initializing extension SECURITY
[  2764.265] (II) Initializing extension XFIXES
[  2764.265] (II) Initializing extension RENDER
[  2764.265] (II) Initializing extension RANDR
[  2764.266] (II) Initializing extension COMPOSITE
[  2764.266] (II) Initializing extension DAMAGE
[  2764.266] (II) Initializing extension MIT-SCREEN-SAVER
[  2764.267] (II) Initializing extension DOUBLE-BUFFER
[  2764.267] (II) Initializing extension RECORD
[  2764.267] (II) Initializing extension DPMS
[  2764.268] (II) Initializing extension Present
[  2764.268] (II) Initializing extension DRI3
[  2764.268] (II) Initializing extension X-Resource
[  2764.268] (II) Initializing extension XVideo
[  2764.269] (II) Initializing extension XVideo-MotionCompensation
[  2764.269] (II) Initializing extension SELinux
[  2764.269] (II) SELinux: Disabled on system
[  2764.269] (II) Initializing extension GLX
[  2764.276] (II) AIGLX: Loaded and initialized i915
[  2764.277] (II) GLX: Initialized DRI2 GL provider for screen 0
[  2764.277] (II) Initializing extension XFree86-VidModeExtension
[  2764.277] (II) Initializing extension XFree86-DGA
[  2764.277] (II) Initializing extension XFree86-DRI
[  2764.277] (II) Initializing extension DRI2
[  2764.290] (II) intel(0): switch to mode 1280x1024@75.0 on VGA1 using pipe 0, position (0, 0), rotation normal, reflection none
[  2764.297] (II) intel(0): Setting screen physical size to 338 x 270
[  2764.359] (II) config/udev: Adding input device Power Button (/dev/input/event5)
[  2764.359] (**) Power Button: Applying InputClass "libinput keyboard catchall"
[  2764.359] (II) LoadModule: "libinput"
[  2764.359] (II) Loading /usr/lib/xorg/modules/input/libinput_drv.so
[  2764.364] (II) Module libinput: vendor="X.Org Foundation"
[  2764.365] 	compiled for 1.20.4, module version = 0.28.2
[  2764.365] 	Module class: X.Org XInput Driver
[  2764.365] 	ABI class: X.Org XInput driver, version 24.1
[  2764.365] (II) Using input driver 'libinput' for 'Power Button'
[  2764.366] (II) systemd-logind: got fd for /dev/input/event5 13:69 fd 20 paused 0
[  2764.366] (**) Power Button: always reports core events
[  2764.367] (**) Option "Device" "/dev/input/event5"
[  2764.367] (**) Option "_source" "server/udev"
[  2764.370] (II) event5  - Power Button: is tagged by udev as: Keyboard
[  2764.370] (II) event5  - Power Button: device is a keyboard
[  2764.370] (II) event5  - Power Button: device removed
[  2764.370] (**) Option "config_info" "udev:/sys/devices/LNXSYSTM:00/LNXPWRBN:00/input/input8/event5"
[  2764.370] (II) XINPUT: Adding extended input device "Power Button" (type: KEYBOARD, id 6)
[  2764.372] (II) event5  - Power Button: is tagged by udev as: Keyboard
[  2764.372] (II) event5  - Power Button: device is a keyboard
[  2764.373] (II) config/udev: Adding input device Power Button (/dev/input/event4)
[  2764.373] (**) Power Button: Applying InputClass "libinput keyboard catchall"
[  2764.373] (II) Using input driver 'libinput' for 'Power Button'
[  2764.374] (II) systemd-logind: got fd for /dev/input/event4 13:68 fd 23 paused 0
[  2764.374] (**) Power Button: always reports core events
[  2764.374] (**) Option "Device" "/dev/input/event4"
[  2764.374] (**) Option "_source" "server/udev"
[  2764.376] (II) event4  - Power Button: is tagged by udev as: Keyboard
[  2764.376] (II) event4  - Power Button: device is a keyboard
[  2764.376] (II) event4  - Power Button: device removed
[  2764.376] (**) Option "config_info" "udev:/sys/devices/LNXSYSTM:00/LNXSYBUS:00/PNP0C0C:00/input/input7/event4"
[  2764.376] (II) XINPUT: Adding extended input device "Power Button" (type: KEYBOARD, id 7)
[  2764.378] (II) event4  - Power Button: is tagged by udev as: Keyboard
[  2764.378] (II) event4  - Power Button: device is a keyboard
[  2764.380] (II) config/udev: Adding input device Dell Dell USB Wired Entry Keyboard (/dev/input/event0)
[  2764.380] (**) Dell Dell USB Wired Entry Keyboard: Applying InputClass "libinput keyboard catchall"
[  2764.380] (II) Using input driver 'libinput' for 'Dell Dell USB Wired Entry Keyboard'
[  2764.381] (II) systemd-logind: got fd for /dev/input/event0 13:64 fd 24 paused 0
[  2764.381] (**) Dell Dell USB Wired Entry Keyboard: always reports core events
[  2764.381] (**) Option "Device" "/dev/input/event0"
[  2764.382] (**) Option "_source" "server/udev"
[  2764.384] (II) event0  - Dell Dell USB Wired Entry Keyboard: is tagged by udev as: Keyboard
[  2764.384] (II) event0  - Dell Dell USB Wired Entry Keyboard: device is a keyboard
[  2764.384] (II) event0  - Dell Dell USB Wired Entry Keyboard: device removed
[  2764.385] (**) Option "config_info" "udev:/sys/devices/pci0000:00/0000:00:1d.0/usb1/1-2/1-2:1.0/0003:413C:2111.0001/input/input3/event0"
[  2764.385] (II) XINPUT: Adding extended input device "Dell Dell USB Wired Entry Keyboard" (type: KEYBOARD, id 8)
[  2764.387] (II) event0  - Dell Dell USB Wired Entry Keyboard: is tagged by udev as: Keyboard
[  2764.387] (II) event0  - Dell Dell USB Wired Entry Keyboard: device is a keyboard
[  2764.389] (II) config/udev: Adding input device Dell Dell USB Wired Entry Keyboard Consumer Control (/dev/input/event1)
[  2764.389] (**) Dell Dell USB Wired Entry Keyboard Consumer Control: Applying InputClass "libinput keyboard catchall"
[  2764.389] (II) Using input driver 'libinput' for 'Dell Dell USB Wired Entry Keyboard Consumer Control'
[  2764.390] (II) systemd-logind: got fd for /dev/input/event1 13:65 fd 25 paused 0
[  2764.391] (**) Dell Dell USB Wired Entry Keyboard Consumer Control: always reports core events
[  2764.391] (**) Option "Device" "/dev/input/event1"
[  2764.391] (**) Option "_source" "server/udev"
[  2764.393] (II) event1  - Dell Dell USB Wired Entry Keyboard Consumer Control: is tagged by udev as: Keyboard
[  2764.394] (II) event1  - Dell Dell USB Wired Entry Keyboard Consumer Control: device is a keyboard
[  2764.394] (II) event1  - Dell Dell USB Wired Entry Keyboard Consumer Control: device removed
[  2764.394] (II) libinput: Dell Dell USB Wired Entry Keyboard Consumer Control: needs a virtual subdevice
[  2764.394] (**) Option "config_info" "udev:/sys/devices/pci0000:00/0000:00:1d.0/usb1/1-2/1-2:1.1/0003:413C:2111.0002/input/input4/event1"
[  2764.394] (II) XINPUT: Adding extended input device "Dell Dell USB Wired Entry Keyboard Consumer Control" (type: MOUSE, id 9)
[  2764.394] (**) Option "AccelerationScheme" "none"
[  2764.394] (**) Dell Dell USB Wired Entry Keyboard Consumer Control: (accel) selected scheme none/0
[  2764.394] (**) Dell Dell USB Wired Entry Keyboard Consumer Control: (accel) acceleration factor: 2.000
[  2764.394] (**) Dell Dell USB Wired Entry Keyboard Consumer Control: (accel) acceleration threshold: 4
[  2764.397] (II) event1  - Dell Dell USB Wired Entry Keyboard Consumer Control: is tagged by udev as: Keyboard
[  2764.397] (II) event1  - Dell Dell USB Wired Entry Keyboard Consumer Control: device is a keyboard
[  2764.398] (II) config/udev: Adding input device Dell Dell USB Wired Entry Keyboard System Control (/dev/input/event2)
[  2764.398] (**) Dell Dell USB Wired Entry Keyboard System Control: Applying InputClass "libinput keyboard catchall"
[  2764.398] (II) Using input driver 'libinput' for 'Dell Dell USB Wired Entry Keyboard System Control'
[  2764.400] (II) systemd-logind: got fd for /dev/input/event2 13:66 fd 26 paused 0
[  2764.400] (**) Dell Dell USB Wired Entry Keyboard System Control: always reports core events
[  2764.400] (**) Option "Device" "/dev/input/event2"
[  2764.400] (**) Option "_source" "server/udev"
[  2764.403] (II) event2  - Dell Dell USB Wired Entry Keyboard System Control: is tagged by udev as: Keyboard
[  2764.403] (II) event2  - Dell Dell USB Wired Entry Keyboard System Control: device is a keyboard
[  2764.403] (II) event2  - Dell Dell USB Wired Entry Keyboard System Control: device removed
[  2764.403] (**) Option "config_info" "udev:/sys/devices/pci0000:00/0000:00:1d.0/usb1/1-2/1-2:1.1/0003:413C:2111.0002/input/input5/event2"
[  2764.403] (II) XINPUT: Adding extended input device "Dell Dell USB Wired Entry Keyboard System Control" (type: KEYBOARD, id 10)
[  2764.406] (II) event2  - Dell Dell USB Wired Entry Keyboard System Control: is tagged by udev as: Keyboard
[  2764.406] (II) event2  - Dell Dell USB Wired Entry Keyboard System Control: device is a keyboard
[  2764.408] (II) config/udev: Adding input device Genius Wireless Mouse (/dev/input/event3)
[  2764.408] (**) Genius Wireless Mouse: Applying InputClass "libinput pointer catchall"
[  2764.408] (II) Using input driver 'libinput' for 'Genius Wireless Mouse'
[  2764.411] (II) systemd-logind: got fd for /dev/input/event3 13:67 fd 27 paused 0
[  2764.411] (**) Genius Wireless Mouse: always reports core events
[  2764.411] (**) Option "Device" "/dev/input/event3"
[  2764.411] (**) Option "_source" "server/udev"
[  2764.414] (II) event3  - Genius Wireless Mouse: is tagged by udev as: Mouse
[  2764.414] (II) event3  - Genius Wireless Mouse: device is a pointer
[  2764.414] (II) event3  - Genius Wireless Mouse: device removed
[  2764.414] (**) Option "config_info" "udev:/sys/devices/pci0000:00/0000:00:1d.1/usb3/3-2/3-2:1.0/0003:0250:3412.0003/input/input6/event3"
[  2764.414] (II) XINPUT: Adding extended input device "Genius Wireless Mouse" (type: MOUSE, id 11)
[  2764.414] (**) Option "AccelerationScheme" "none"
[  2764.414] (**) Genius Wireless Mouse: (accel) selected scheme none/0
[  2764.415] (**) Genius Wireless Mouse: (accel) acceleration factor: 2.000
[  2764.415] (**) Genius Wireless Mouse: (accel) acceleration threshold: 4
[  2764.417] (II) event3  - Genius Wireless Mouse: is tagged by udev as: Mouse
[  2764.417] (II) event3  - Genius Wireless Mouse: device is a pointer
[  2764.419] (II) config/udev: Adding input device Genius Wireless Mouse (/dev/input/mouse0)
[  2764.420] (II) No input driver specified, ignoring this device.
[  2764.420] (II) This device may have been added with another device file.
[  2764.420] (II) config/udev: Adding input device PC Speaker (/dev/input/event6)
[  2764.420] (II) No input driver specified, ignoring this device.
[  2764.420] (II) This device may have been added with another device file.
[  2764.445] (**) Dell Dell USB Wired Entry Keyboard Consumer Control: Applying InputClass "libinput keyboard catchall"
[  2764.445] (II) Using input driver 'libinput' for 'Dell Dell USB Wired Entry Keyboard Consumer Control'
[  2764.445] (II) systemd-logind: returning pre-existing fd for /dev/input/event1 13:65
[  2764.445] (**) Dell Dell USB Wired Entry Keyboard Consumer Control: always reports core events
[  2764.445] (**) Option "Device" "/dev/input/event1"
[  2764.445] (**) Option "_source" "_driver/libinput"
[  2764.445] (II) libinput: Dell Dell USB Wired Entry Keyboard Consumer Control: is a virtual subdevice
[  2764.445] (**) Option "config_info" "udev:/sys/devices/pci0000:00/0000:00:1d.0/usb1/1-2/1-2:1.1/0003:413C:2111.0002/input/input4/event1"
[  2764.445] (II) XINPUT: Adding extended input device "Dell Dell USB Wired Entry Keyboard Consumer Control" (type: KEYBOARD, id 12)
[  2766.279] (II) intel(0): EDID vendor "CND", prod id 0
[  2766.279] (II) intel(0): DDCModeFromDetailedTiming: Ignoring: We don't handle stereo.
[  2766.279] (II) intel(0): Using EDID range info for horizontal sync
[  2766.279] (II) intel(0): Using EDID range info for vertical refresh
[  2766.279] (II) intel(0): Printing DDC gathered Modelines:
[  2766.279] (II) intel(0): Modeline "800x600"x0.0   40.00  800 840 968 1056  600 601 605 628 +hsync +vsync (37.9 kHz e)
[  2766.279] (II) intel(0): Modeline "640x480"x0.0   31.50  640 656 720 840  480 481 484 500 -hsync -vsync (37.5 kHz e)
[  2766.279] (II) intel(0): Modeline "640x480"x0.0   31.50  640 664 704 832  480 489 492 520 -hsync -vsync (37.9 kHz e)
[  2766.279] (II) intel(0): Modeline "640x480"x0.0   25.18  640 656 752 800  480 490 492 525 -hsync -vsync (31.5 kHz e)
[  2766.279] (II) intel(0): Modeline "720x400"x0.0   28.32  720 738 846 900  400 412 414 449 -hsync +vsync (31.5 kHz e)
[  2766.279] (II) intel(0): Modeline "1280x1024"x0.0  135.00  1280 1296 1440 1688  1024 1025 1028 1066 +hsync +vsync (80.0 kHz e)
[  2766.279] (II) intel(0): Modeline "1024x768"x0.0   78.75  1024 1040 1136 1312  768 769 772 800 +hsync +vsync (60.0 kHz e)
[  2766.279] (II) intel(0): Modeline "1024x768"x0.0   75.00  1024 1048 1184 1328  768 771 777 806 -hsync -vsync (56.5 kHz e)
[  2766.279] (II) intel(0): Modeline "1024x768"x0.0   65.00  1024 1048 1184 1344  768 771 777 806 -hsync -vsync (48.4 kHz e)
[  2766.279] (II) intel(0): Modeline "800x600"x0.0   49.50  800 816 896 1056  600 601 604 625 +hsync +vsync (46.9 kHz e)
[  2766.279] (II) intel(0): Modeline "800x600"x0.0   50.00  800 856 976 1040  600 637 643 666 +hsync +vsync (48.1 kHz e)
[  2943.490] (**) Option "fd" "20"
[  2943.490] (II) event5  - Power Button: device removed
[  2943.490] (**) Option "fd" "23"
[  2943.490] (II) event4  - Power Button: device removed
[  2943.490] (**) Option "fd" "24"
[  2943.490] (II) event0  - Dell Dell USB Wired Entry Keyboard: device removed
[  2943.490] (**) Option "fd" "25"
[  2943.490] (**) Option "fd" "26"
[  2943.490] (II) event2  - Dell Dell USB Wired Entry Keyboard System Control: device removed
[  2943.490] (**) Option "fd" "27"
[  2943.490] (II) event3  - Genius Wireless Mouse: device removed
[  2943.491] (**) Option "fd" "25"
[  2943.491] (II) event1  - Dell Dell USB Wired Entry Keyboard Consumer Control: device removed
[  2943.491] (II) AIGLX: Suspending AIGLX clients for VT switch
[  2943.505] (II) systemd-logind: got pause for 13:69
[  2943.505] (II) systemd-logind: got pause for 226:0
[  2943.505] (II) systemd-logind: got pause for 13:66
[  2943.505] (II) systemd-logind: got pause for 13:65
[  2943.505] (II) systemd-logind: got pause for 13:68
[  2943.505] (II) systemd-logind: got pause for 13:64
[  2943.505] (II) systemd-logind: got pause for 13:67
[  2958.354] (II) systemd-logind: got resume for 13:69
[  2958.354] (II) systemd-logind: got resume for 226:0
[  2958.355] (II) AIGLX: Resuming AIGLX clients after VT switch
[  2958.355] (II) intel(0): switch to mode 1280x1024@75.0 on VGA1 using pipe 0, position (0, 0), rotation normal, reflection none
[  2958.406] (II) event5  - Power Button: is tagged by udev as: Keyboard
[  2958.406] (II) event5  - Power Button: device is a keyboard
[  2958.406] (II) systemd-logind: got resume for 13:66
[  2958.409] (II) event2  - Dell Dell USB Wired Entry Keyboard System Control: is tagged by udev as: Keyboard
[  2958.409] (II) event2  - Dell Dell USB Wired Entry Keyboard System Control: device is a keyboard
[  2958.409] (II) systemd-logind: got resume for 13:65
[  2958.412] (II) event1  - Dell Dell USB Wired Entry Keyboard Consumer Control: is tagged by udev as: Keyboard
[  2958.412] (II) event1  - Dell Dell USB Wired Entry Keyboard Consumer Control: device is a keyboard
[  2958.418] (II) systemd-logind: got resume for 13:68
[  2958.419] (II) event4  - Power Button: is tagged by udev as: Keyboard
[  2958.419] (II) event4  - Power Button: device is a keyboard
[  2958.434] (II) systemd-logind: got resume for 13:64
[  2958.437] (II) event0  - Dell Dell USB Wired Entry Keyboard: is tagged by udev as: Keyboard
[  2958.437] (II) event0  - Dell Dell USB Wired Entry Keyboard: device is a keyboard
[  2958.455] (II) systemd-logind: got resume for 13:67
[  2958.458] (II) event3  - Genius Wireless Mouse: is tagged by udev as: Mouse
[  2958.458] (II) event3  - Genius Wireless Mouse: device is a pointer
[  2974.150] (**) Option "fd" "24"
[  2974.150] (II) event5  - Power Button: device removed
[  2974.151] (**) Option "fd" "26"
[  2974.151] (II) event2  - Dell Dell USB Wired Entry Keyboard System Control: device removed
[  2974.151] (**) Option "fd" "23"
[  2974.151] (**) Option "fd" "23"
[  2974.151] (II) event1  - Dell Dell USB Wired Entry Keyboard Consumer Control: device removed
[  2974.151] (**) Option "fd" "27"
[  2974.151] (II) event4  - Power Button: device removed
[  2974.151] (**) Option "fd" "29"
[  2974.151] (II) event0  - Dell Dell USB Wired Entry Keyboard: device removed
[  2974.151] (**) Option "fd" "30"
[  2974.151] (II) event3  - Genius Wireless Mouse: device removed
[  2974.152] (II) UnloadModule: "libinput"
[  2974.152] (II) systemd-logind: releasing fd for 13:67
[  2974.266] (II) UnloadModule: "libinput"
[  2974.266] (II) systemd-logind: releasing fd for 13:64
[  2974.310] (II) UnloadModule: "libinput"
[  2974.310] (II) systemd-logind: releasing fd for 13:68
[  2974.326] (II) UnloadModule: "libinput"
[  2974.326] (II) systemd-logind: not releasing fd for 13:65, still in use
[  2974.326] (II) UnloadModule: "libinput"
[  2974.326] (II) systemd-logind: releasing fd for 13:65
[  2974.338] (II) UnloadModule: "libinput"
[  2974.338] (II) systemd-logind: releasing fd for 13:66
[  2974.354] (II) UnloadModule: "libinput"
[  2974.376] (II) systemd-logind: releasing fd for 13:69
[  2974.469] (WW) xf86CloseConsole: KDSETMODE failed: Input/output error
[  2974.469] (WW) xf86CloseConsole: VT_GETMODE failed: Input/output error
[  2974.469] (WW) xf86CloseConsole: VT_ACTIVATE failed: Input/output error
[  2974.471] (II) Server terminated successfully (0). Closing log file.
